2025-05-28 15:13:16,462 - WARNING - === 拦截日志 ===
时间: 2025-05-28 15:13:16.462124
源IP: 127.0.0.1
请求路径: /test
请求方法: GET
危险位置: URL参数.id
危险值: 1' UNION SELECT null,password,null FROM users--
2025-05-28 15:13:18,779 - WARNING - === 拦截日志 ===
时间: 2025-05-28 15:13:18.779120
源IP: 127.0.0.1
请求路径: /test
请求方法: POST
危险位置: Body参数.q
危险值: <script>alert(1)</script>
2025-05-28 15:13:20,137 - WARNING - === 拦截日志 ===
时间: 2025-05-28 15:13:20.137836
源IP: 127.0.0.1
请求路径: /test
请求方法: GET
危险位置: URL参数.cmd
危险值: cat /etc/passwd
2025-05-28 15:16:36,487 - WARNING - === 拦截日志 ===
时间: 2025-05-28 15:16:36.487873
源IP: 127.0.0.1
请求路径: /test
请求方法: GET
危险位置: URL参数.id
危险值: 1' UNION SELECT null,password,null FROM users--
2025-05-28 15:16:52,962 - WARNING - === 拦截日志 ===
时间: 2025-05-28 15:16:52.962291
源IP: 127.0.0.1
请求路径: /test
请求方法: POST
危险位置: Body参数.q
危险值: <script>alert(1)</script>
2025-05-28 15:16:55,695 - WARNING - === 拦截日志 ===
时间: 2025-05-28 15:16:55.695435
源IP: 127.0.0.1
请求路径: /test
请求方法: GET
危险位置: URL参数.cmd
危险值: cat /etc/passwd
